<?xml version="1.0" encoding="UTF-8"?>
<testng-results skipped="0" failed="1" ignored="0" total="1" passed="0">
  <reporter-output>
    <line>
      <![CDATA[openBrowser]]>
    </line>
    <line>
      <![CDATA[login]]>
    </line>
    <line>
      <![CDATA[create customer]]>
    </line>
    <line>
      <![CDATA[logout]]>
    </line>
    <line>
      <![CDATA[closeBroswer]]>
    </line>
  </reporter-output>
  <suite name="Default suite" duration-ms="28945" started-at="2023-04-19T10:47:35 IST" finished-at="2023-04-19T10:48:04 IST">
    <groups>
    </groups>
    <test name="Default test" duration-ms="28945" started-at="2023-04-19T10:47:35 IST" finished-at="2023-04-19T10:48:04 IST">
      <class name="com.Actitime.testscripts.CreateCostumer">
        <test-method status="PASS" signature="openBroswer()[pri:0, instance:com.Actitime.testscripts.CreateCostumer@46daef40]" name="openBroswer" is-config="true" duration-ms="10245" started-at="2023-04-19T10:47:36 IST" finished-at="2023-04-19T10:47:46 IST">
          <reporter-output>
            <line>
              <![CDATA[openBrowser]]>
            </line>
          </reporter-output>
        </test-method> <!-- openBroswer -->
        <test-method status="PASS" signature="login()[pri:0, instance:com.Actitime.testscripts.CreateCostumer@46daef40]" name="login" is-config="true" duration-ms="502" started-at="2023-04-19T10:47:46 IST" finished-at="2023-04-19T10:47:46 IST">
          <reporter-output>
            <line>
              <![CDATA[login]]>
            </line>
          </reporter-output>
        </test-method> <!-- login -->
        <test-method status="FAIL" signature="CerCostumer()[pri:0, instance:com.Actitime.testscripts.CreateCostumer@46daef40]" name="CerCostumer" duration-ms="18103" started-at="2023-04-19T10:47:46 IST" finished-at="2023-04-19T10:48:04 IST">
          <exception class="org.openqa.selenium.NoSuchElementException">
            <message>
              <![CDATA[Cannot locate an element using xpath=(//div[text()='Big Bang Company'])[22]
For documentation on this error, please visit: https://www.seleniumhq.org/exceptions/no_such_element.html
Build info: version: '3.141.59', revision: 'e82be7d358', time: '2018-11-14T08:25:53'
System info: host: 'GOWDA', ip: '192.168.245.1', os.name: 'Windows 10', os.arch: 'amd64', os.version: '10.0', java.version: '1.8.0_201'
Driver info: driver.version: RemoteWebDriver]]>
            </message>
            <full-stacktrace>
              <![CDATA[org.openqa.selenium.NoSuchElementException: Cannot locate an element using xpath=(//div[text()='Big Bang Company'])[22]
For documentation on this error, please visit: https://www.seleniumhq.org/exceptions/no_such_element.html
Build info: version: '3.141.59', revision: 'e82be7d358', time: '2018-11-14T08:25:53'
System info: host: 'GOWDA', ip: '192.168.245.1', os.name: 'Windows 10', os.arch: 'amd64', os.version: '10.0', java.version: '1.8.0_201'
Driver info: driver.version: RemoteWebDriver
at org.openqa.selenium.remote.RemoteWebDriver.findElement(RemoteWebDriver.java:327)
at org.openqa.selenium.remote.RemoteWebDriver.findElementByXPath(RemoteWebDriver.java:428)
at org.openqa.selenium.By$ByXPath.findElement(By.java:353)
at org.openqa.selenium.remote.RemoteWebDriver.findElement(RemoteWebDriver.java:315)
at org.openqa.selenium.support.pagefactory.DefaultElementLocator.findElement(DefaultElementLocator.java:69)
at org.openqa.selenium.support.pagefactory.internal.LocatingElementHandler.invoke(LocatingElementHandler.java:38)
at com.sun.proxy.$Proxy11.click(Unknown Source)
at com.Acttitime.pom.TaskListPage.setGlcorp(TaskListPage.java:70)
at com.Actitime.testscripts.CreateCostumer.CerCostumer(CreateCostumer.java:27)
at sun.reflect.NativeMethodAccessorImpl.invoke0(Native Method)
at sun.reflect.NativeMethodAccessorImpl.invoke(Unknown Source)
at sun.reflect.DelegatingMethodAccessorImpl.invoke(Unknown Source)
at java.lang.reflect.Method.invoke(Unknown Source)
at org.testng.internal.MethodInvocationHelper.invokeMethod(MethodInvocationHelper.java:133)
at org.testng.internal.TestInvoker.invokeMethod(TestInvoker.java:598)
at org.testng.internal.TestInvoker.invokeTestMethod(TestInvoker.java:173)
at org.testng.internal.MethodRunner.runInSequence(MethodRunner.java:46)
at org.testng.internal.TestInvoker$MethodInvocationAgent.invoke(TestInvoker.java:824)
at org.testng.internal.TestInvoker.invokeTestMethods(TestInvoker.java:146)
at org.testng.internal.TestMethodWorker.invokeTestMethods(TestMethodWorker.java:146)
at org.testng.internal.TestMethodWorker.run(TestMethodWorker.java:128)
at java.util.ArrayList.forEach(Unknown Source)
at org.testng.TestRunner.privateRun(TestRunner.java:794)
at org.testng.TestRunner.run(TestRunner.java:596)
at org.testng.SuiteRunner.runTest(SuiteRunner.java:377)
at org.testng.SuiteRunner.runSequentially(SuiteRunner.java:371)
at org.testng.SuiteRunner.privateRun(SuiteRunner.java:332)
at org.testng.SuiteRunner.run(SuiteRunner.java:276)
at org.testng.SuiteRunnerWorker.runSuite(SuiteRunnerWorker.java:53)
at org.testng.SuiteRunnerWorker.run(SuiteRunnerWorker.java:96)
at org.testng.TestNG.runSuitesSequentially(TestNG.java:1212)
at org.testng.TestNG.runSuitesLocally(TestNG.java:1134)
at org.testng.TestNG.runSuites(TestNG.java:1063)
at org.testng.TestNG.run(TestNG.java:1031)
at org.testng.remote.AbstractRemoteTestNG.run(AbstractRemoteTestNG.java:115)
at org.testng.remote.RemoteTestNG.initAndRun(RemoteTestNG.java:251)
at org.testng.remote.RemoteTestNG.main(RemoteTestNG.java:77)
]]>
            </full-stacktrace>
          </exception> <!-- org.openqa.selenium.NoSuchElementException -->
          <reporter-output>
            <line>
              <![CDATA[create customer]]>
            </line>
          </reporter-output>
        </test-method> <!-- CerCostumer -->
        <test-method status="PASS" signature="logout()[pri:0, instance:com.Actitime.testscripts.CreateCostumer@46daef40]" name="logout" is-config="true" duration-ms="4" started-at="2023-04-19T10:48:04 IST" finished-at="2023-04-19T10:48:04 IST">
          <reporter-output>
            <line>
              <![CDATA[logout]]>
            </line>
          </reporter-output>
        </test-method> <!-- logout -->
        <test-method status="PASS" signature="closeBroswer()[pri:0, instance:com.Actitime.testscripts.CreateCostumer@46daef40]" name="closeBroswer" is-config="true" duration-ms="1" started-at="2023-04-19T10:48:04 IST" finished-at="2023-04-19T10:48:04 IST">
          <reporter-output>
            <line>
              <![CDATA[closeBroswer]]>
            </line>
          </reporter-output>
        </test-method> <!-- closeBroswer -->
      </class> <!-- com.Actitime.testscripts.CreateCostumer -->
    </test> <!-- Default test -->
  </suite> <!-- Default suite -->
</testng-results>
